{
  "stats": {
    "suites": 15,
    "tests": 27,
    "passes": 27,
    "pending": 0,
    "failures": 0,
    "start": "2025-04-17T20:01:47.946Z",
    "end": "2025-04-17T20:01:47.973Z",
    "duration": 27,
    "testsRegistered": 27,
    "passPercent": 100,
    "pendingPercent": 0,
    "other": 0,
    "hasOther": false,
    "skipped": 0,
    "hasSkipped": false
  },
  "results": [
    {
      "uuid": "9eb28557-6e8a-4c8d-ad5f-a9df8a37a1a1",
      "title": "",
      "fullFile": "",
      "file": "",
      "beforeHooks": [],
      "afterHooks": [],
      "tests": [],
      "suites": [
        {
          "uuid": "53c1c656-bd1e-4c8c-a3b3-e0f664f395e5",
          "title": "arrayUtils",
          "fullFile": "/Users/sasha/Documents/EHU/react-tasks/my-react-app/practice_unit/utils/test/arrayUtils.test.js",
          "file": "/utils/test/arrayUtils.test.js",
          "beforeHooks": [],
          "afterHooks": [],
          "tests": [],
          "suites": [
            {
              "uuid": "f923cb36-853a-479f-a11f-c482d4499d26",
              "title": "findMax",
              "fullFile": "/Users/sasha/Documents/EHU/react-tasks/my-react-app/practice_unit/utils/test/arrayUtils.test.js",
              "file": "/utils/test/arrayUtils.test.js",
              "beforeHooks": [],
              "afterHooks": [],
              "tests": [
                {
                  "title": "returns the max number",
                  "fullTitle": "arrayUtils findMax returns the max number",
                  "timedOut": false,
                  "duration": 1,
                  "state": "passed",
                  "speed": "fast",
                  "pass": true,
                  "fail": false,
                  "pending": false,
                  "context": null,
                  "code": "expect(findMax([1, 5, 3])).to.equal(5);",
                  "err": {},
                  "uuid": "7080965f-cceb-42ed-849f-0579fe0d9d5c",
                  "parentUUID": "f923cb36-853a-479f-a11f-c482d4499d26",
                  "isHook": false,
                  "skipped": false
                },
                {
                  "title": "throws error if input is not array",
                  "fullTitle": "arrayUtils findMax throws error if input is not array",
                  "timedOut": false,
                  "duration": 0,
                  "state": "passed",
                  "speed": "fast",
                  "pass": true,
                  "fail": false,
                  "pending": false,
                  "context": null,
                  "code": "expect(() => findMax(123)).to.throw(\"Input must be an array\");",
                  "err": {},
                  "uuid": "9e7041ed-9b10-4cc0-9e4e-fa8e91aa610c",
                  "parentUUID": "f923cb36-853a-479f-a11f-c482d4499d26",
                  "isHook": false,
                  "skipped": false
                }
              ],
              "suites": [],
              "passes": [
                "7080965f-cceb-42ed-849f-0579fe0d9d5c",
                "9e7041ed-9b10-4cc0-9e4e-fa8e91aa610c"
              ],
              "failures": [],
              "pending": [],
              "skipped": [],
              "duration": 1,
              "root": false,
              "rootEmpty": false,
              "_timeout": 2000
            },
            {
              "uuid": "ac2a36bf-4d64-408d-ba38-76d547d79bcf",
              "title": "findMin",
              "fullFile": "/Users/sasha/Documents/EHU/react-tasks/my-react-app/practice_unit/utils/test/arrayUtils.test.js",
              "file": "/utils/test/arrayUtils.test.js",
              "beforeHooks": [],
              "afterHooks": [],
              "tests": [
                {
                  "title": "returns the min number",
                  "fullTitle": "arrayUtils findMin returns the min number",
                  "timedOut": false,
                  "duration": 0,
                  "state": "passed",
                  "speed": "fast",
                  "pass": true,
                  "fail": false,
                  "pending": false,
                  "context": null,
                  "code": "expect(findMin([1, 5, 3])).to.equal(1);",
                  "err": {},
                  "uuid": "e61c36ba-6e04-4b8c-ab03-2661fd0b759a",
                  "parentUUID": "ac2a36bf-4d64-408d-ba38-76d547d79bcf",
                  "isHook": false,
                  "skipped": false
                },
                {
                  "title": "throws error if input is not array",
                  "fullTitle": "arrayUtils findMin throws error if input is not array",
                  "timedOut": false,
                  "duration": 1,
                  "state": "passed",
                  "speed": "fast",
                  "pass": true,
                  "fail": false,
                  "pending": false,
                  "context": null,
                  "code": "expect(() => findMin(\"test\")).to.throw(\"Input must be an array\");",
                  "err": {},
                  "uuid": "dd00fde7-776f-4403-bf2b-5ca35a35fad4",
                  "parentUUID": "ac2a36bf-4d64-408d-ba38-76d547d79bcf",
                  "isHook": false,
                  "skipped": false
                }
              ],
              "suites": [],
              "passes": [
                "e61c36ba-6e04-4b8c-ab03-2661fd0b759a",
                "dd00fde7-776f-4403-bf2b-5ca35a35fad4"
              ],
              "failures": [],
              "pending": [],
              "skipped": [],
              "duration": 1,
              "root": false,
              "rootEmpty": false,
              "_timeout": 2000
            },
            {
              "uuid": "4d8c68f9-d7f9-4310-9fac-3fbd64a71454",
              "title": "removeDuplicates",
              "fullFile": "/Users/sasha/Documents/EHU/react-tasks/my-react-app/practice_unit/utils/test/arrayUtils.test.js",
              "file": "/utils/test/arrayUtils.test.js",
              "beforeHooks": [],
              "afterHooks": [],
              "tests": [
                {
                  "title": "removes duplicates",
                  "fullTitle": "arrayUtils removeDuplicates removes duplicates",
                  "timedOut": false,
                  "duration": 0,
                  "state": "passed",
                  "speed": "fast",
                  "pass": true,
                  "fail": false,
                  "pending": false,
                  "context": null,
                  "code": "expect(removeDuplicates([1, 2, 2, 3])).to.deep.equal([1, 2, 3]);",
                  "err": {},
                  "uuid": "e1d4b047-9409-4733-b239-d5dea3857ed1",
                  "parentUUID": "4d8c68f9-d7f9-4310-9fac-3fbd64a71454",
                  "isHook": false,
                  "skipped": false
                },
                {
                  "title": "throws error if input is not array",
                  "fullTitle": "arrayUtils removeDuplicates throws error if input is not array",
                  "timedOut": false,
                  "duration": 1,
                  "state": "passed",
                  "speed": "fast",
                  "pass": true,
                  "fail": false,
                  "pending": false,
                  "context": null,
                  "code": "expect(() => removeDuplicates(null)).to.throw(\"Input must be an array\");",
                  "err": {},
                  "uuid": "c82e5d0b-14c3-4128-b80a-5222dcb9b2c4",
                  "parentUUID": "4d8c68f9-d7f9-4310-9fac-3fbd64a71454",
                  "isHook": false,
                  "skipped": false
                }
              ],
              "suites": [],
              "passes": [
                "e1d4b047-9409-4733-b239-d5dea3857ed1",
                "c82e5d0b-14c3-4128-b80a-5222dcb9b2c4"
              ],
              "failures": [],
              "pending": [],
              "skipped": [],
              "duration": 1,
              "root": false,
              "rootEmpty": false,
              "_timeout": 2000
            }
          ],
          "passes": [],
          "failures": [],
          "pending": [],
          "skipped": [],
          "duration": 0,
          "root": false,
          "rootEmpty": false,
          "_timeout": 2000
        },
        {
          "uuid": "d228d04b-8732-4262-8e13-1b7e7b7d427a",
          "title": "mathUtils",
          "fullFile": "/Users/sasha/Documents/EHU/react-tasks/my-react-app/practice_unit/utils/test/mathUtils.test.js",
          "file": "/utils/test/mathUtils.test.js",
          "beforeHooks": [],
          "afterHooks": [],
          "tests": [
            {
              "title": "adds two numbers",
              "fullTitle": "mathUtils adds two numbers",
              "timedOut": false,
              "duration": 0,
              "state": "passed",
              "speed": "fast",
              "pass": true,
              "fail": false,
              "pending": false,
              "context": null,
              "code": "expect(add(2, 3)).to.equal(5);",
              "err": {},
              "uuid": "09f6f5a0-abf5-4f82-a044-a0d963170efa",
              "parentUUID": "d228d04b-8732-4262-8e13-1b7e7b7d427a",
              "isHook": false,
              "skipped": false
            },
            {
              "title": "subtracts two numbers",
              "fullTitle": "mathUtils subtracts two numbers",
              "timedOut": false,
              "duration": 0,
              "state": "passed",
              "speed": "fast",
              "pass": true,
              "fail": false,
              "pending": false,
              "context": null,
              "code": "expect(subtract(5, 2)).to.equal(3);",
              "err": {},
              "uuid": "c2a8dd65-db04-4662-8641-a47b8647c5cb",
              "parentUUID": "d228d04b-8732-4262-8e13-1b7e7b7d427a",
              "isHook": false,
              "skipped": false
            },
            {
              "title": "multiplies two numbers",
              "fullTitle": "mathUtils multiplies two numbers",
              "timedOut": false,
              "duration": 0,
              "state": "passed",
              "speed": "fast",
              "pass": true,
              "fail": false,
              "pending": false,
              "context": null,
              "code": "expect(multiply(4, 2)).to.equal(8);",
              "err": {},
              "uuid": "5f5ee250-512d-4f7b-a10f-bb3d21f88ba8",
              "parentUUID": "d228d04b-8732-4262-8e13-1b7e7b7d427a",
              "isHook": false,
              "skipped": false
            },
            {
              "title": "divides two numbers",
              "fullTitle": "mathUtils divides two numbers",
              "timedOut": false,
              "duration": 0,
              "state": "passed",
              "speed": "fast",
              "pass": true,
              "fail": false,
              "pending": false,
              "context": null,
              "code": "expect(divide(10, 2)).to.equal(5);",
              "err": {},
              "uuid": "c0bc82a2-fe71-41b2-b37a-a5f44a050e50",
              "parentUUID": "d228d04b-8732-4262-8e13-1b7e7b7d427a",
              "isHook": false,
              "skipped": false
            },
            {
              "title": "throws error when dividing by 0",
              "fullTitle": "mathUtils throws error when dividing by 0",
              "timedOut": false,
              "duration": 1,
              "state": "passed",
              "speed": "fast",
              "pass": true,
              "fail": false,
              "pending": false,
              "context": null,
              "code": "expect(() => divide(10, 0)).to.throw(\"Cannot divide by zero\");",
              "err": {},
              "uuid": "24b28f33-5e0b-4a71-9445-7028934cb7cb",
              "parentUUID": "d228d04b-8732-4262-8e13-1b7e7b7d427a",
              "isHook": false,
              "skipped": false
            }
          ],
          "suites": [],
          "passes": [
            "09f6f5a0-abf5-4f82-a044-a0d963170efa",
            "c2a8dd65-db04-4662-8641-a47b8647c5cb",
            "5f5ee250-512d-4f7b-a10f-bb3d21f88ba8",
            "c0bc82a2-fe71-41b2-b37a-a5f44a050e50",
            "24b28f33-5e0b-4a71-9445-7028934cb7cb"
          ],
          "failures": [],
          "pending": [],
          "skipped": [],
          "duration": 1,
          "root": false,
          "rootEmpty": false,
          "_timeout": 2000
        },
        {
          "uuid": "3bc5fca4-8b77-48f3-a2aa-bbe913d7ef8c",
          "title": "stringUtils",
          "fullFile": "/Users/sasha/Documents/EHU/react-tasks/my-react-app/practice_unit/utils/test/stringUtils.test.js",
          "file": "/utils/test/stringUtils.test.js",
          "beforeHooks": [],
          "afterHooks": [],
          "tests": [],
          "suites": [
            {
              "uuid": "6bbb1dea-8f16-49ac-8bcb-c8cd6ece26da",
              "title": "capitalize",
              "fullFile": "/Users/sasha/Documents/EHU/react-tasks/my-react-app/practice_unit/utils/test/stringUtils.test.js",
              "file": "/utils/test/stringUtils.test.js",
              "beforeHooks": [],
              "afterHooks": [],
              "tests": [
                {
                  "title": "capitalizes the first letter",
                  "fullTitle": "stringUtils capitalize capitalizes the first letter",
                  "timedOut": false,
                  "duration": 1,
                  "state": "passed",
                  "speed": "fast",
                  "pass": true,
                  "fail": false,
                  "pending": false,
                  "context": null,
                  "code": "expect(capitalize('hello')).to.equal('Hello');",
                  "err": {},
                  "uuid": "c5ca75a4-1dbb-4c12-b2c7-85f648cc9f28",
                  "parentUUID": "6bbb1dea-8f16-49ac-8bcb-c8cd6ece26da",
                  "isHook": false,
                  "skipped": false
                },
                {
                  "title": "throws if input is not string",
                  "fullTitle": "stringUtils capitalize throws if input is not string",
                  "timedOut": false,
                  "duration": 0,
                  "state": "passed",
                  "speed": "fast",
                  "pass": true,
                  "fail": false,
                  "pending": false,
                  "context": null,
                  "code": "expect(() => capitalize(123)).to.throw(\"Input must be a string\");",
                  "err": {},
                  "uuid": "0e6202ce-0013-43bf-9ccf-d5e294350629",
                  "parentUUID": "6bbb1dea-8f16-49ac-8bcb-c8cd6ece26da",
                  "isHook": false,
                  "skipped": false
                }
              ],
              "suites": [],
              "passes": [
                "c5ca75a4-1dbb-4c12-b2c7-85f648cc9f28",
                "0e6202ce-0013-43bf-9ccf-d5e294350629"
              ],
              "failures": [],
              "pending": [],
              "skipped": [],
              "duration": 1,
              "root": false,
              "rootEmpty": false,
              "_timeout": 2000
            },
            {
              "uuid": "3b75d4be-ba0c-4226-ba55-0fd38bb67a07",
              "title": "reverseString",
              "fullFile": "/Users/sasha/Documents/EHU/react-tasks/my-react-app/practice_unit/utils/test/stringUtils.test.js",
              "file": "/utils/test/stringUtils.test.js",
              "beforeHooks": [],
              "afterHooks": [],
              "tests": [
                {
                  "title": "reverses a string",
                  "fullTitle": "stringUtils reverseString reverses a string",
                  "timedOut": false,
                  "duration": 0,
                  "state": "passed",
                  "speed": "fast",
                  "pass": true,
                  "fail": false,
                  "pending": false,
                  "context": null,
                  "code": "expect(reverseString('abc')).to.equal('cba');",
                  "err": {},
                  "uuid": "7d80e44a-6991-40ec-a09f-0aef1444befe",
                  "parentUUID": "3b75d4be-ba0c-4226-ba55-0fd38bb67a07",
                  "isHook": false,
                  "skipped": false
                },
                {
                  "title": "throws if input is not string",
                  "fullTitle": "stringUtils reverseString throws if input is not string",
                  "timedOut": false,
                  "duration": 0,
                  "state": "passed",
                  "speed": "fast",
                  "pass": true,
                  "fail": false,
                  "pending": false,
                  "context": null,
                  "code": "expect(() => reverseString({})).to.throw(\"Input must be a string\");",
                  "err": {},
                  "uuid": "b035f806-28a6-46ae-829b-a9b5d456c9d1",
                  "parentUUID": "3b75d4be-ba0c-4226-ba55-0fd38bb67a07",
                  "isHook": false,
                  "skipped": false
                }
              ],
              "suites": [],
              "passes": [
                "7d80e44a-6991-40ec-a09f-0aef1444befe",
                "b035f806-28a6-46ae-829b-a9b5d456c9d1"
              ],
              "failures": [],
              "pending": [],
              "skipped": [],
              "duration": 0,
              "root": false,
              "rootEmpty": false,
              "_timeout": 2000
            },
            {
              "uuid": "f792e863-7080-49c4-9b2a-0c4741dc8097",
              "title": "isPalindrome",
              "fullFile": "/Users/sasha/Documents/EHU/react-tasks/my-react-app/practice_unit/utils/test/stringUtils.test.js",
              "file": "/utils/test/stringUtils.test.js",
              "beforeHooks": [],
              "afterHooks": [],
              "tests": [
                {
                  "title": "returns true for palindrome",
                  "fullTitle": "stringUtils isPalindrome returns true for palindrome",
                  "timedOut": false,
                  "duration": 1,
                  "state": "passed",
                  "speed": "fast",
                  "pass": true,
                  "fail": false,
                  "pending": false,
                  "context": null,
                  "code": "expect(isPalindrome('madam')).to.be.true;",
                  "err": {},
                  "uuid": "ce2d4726-3358-4728-b9aa-8927b49dfda3",
                  "parentUUID": "f792e863-7080-49c4-9b2a-0c4741dc8097",
                  "isHook": false,
                  "skipped": false
                },
                {
                  "title": "returns false for non-palindrome",
                  "fullTitle": "stringUtils isPalindrome returns false for non-palindrome",
                  "timedOut": false,
                  "duration": 0,
                  "state": "passed",
                  "speed": "fast",
                  "pass": true,
                  "fail": false,
                  "pending": false,
                  "context": null,
                  "code": "expect(isPalindrome('hello')).to.be.false;",
                  "err": {},
                  "uuid": "aafc1099-d666-4a4a-94d9-2924a6730e66",
                  "parentUUID": "f792e863-7080-49c4-9b2a-0c4741dc8097",
                  "isHook": false,
                  "skipped": false
                },
                {
                  "title": "throws if input is not string",
                  "fullTitle": "stringUtils isPalindrome throws if input is not string",
                  "timedOut": false,
                  "duration": 1,
                  "state": "passed",
                  "speed": "fast",
                  "pass": true,
                  "fail": false,
                  "pending": false,
                  "context": null,
                  "code": "expect(() => isPalindrome([])).to.throw(\"Input must be a string\");",
                  "err": {},
                  "uuid": "11017175-a3c8-4792-aa99-4fe5710cee2d",
                  "parentUUID": "f792e863-7080-49c4-9b2a-0c4741dc8097",
                  "isHook": false,
                  "skipped": false
                }
              ],
              "suites": [],
              "passes": [
                "ce2d4726-3358-4728-b9aa-8927b49dfda3",
                "aafc1099-d666-4a4a-94d9-2924a6730e66",
                "11017175-a3c8-4792-aa99-4fe5710cee2d"
              ],
              "failures": [],
              "pending": [],
              "skipped": [],
              "duration": 2,
              "root": false,
              "rootEmpty": false,
              "_timeout": 2000
            }
          ],
          "passes": [],
          "failures": [],
          "pending": [],
          "skipped": [],
          "duration": 0,
          "root": false,
          "rootEmpty": false,
          "_timeout": 2000
        },
        {
          "uuid": "4dbdd483-aee2-40a5-9cd3-858ad66b2896",
          "title": "studentKnowledgeCheckerUtil",
          "fullFile": "/Users/sasha/Documents/EHU/react-tasks/my-react-app/practice_unit/utils/test/studentKnowledgeCheckerUtil.test.js",
          "file": "/utils/test/studentKnowledgeCheckerUtil.test.js",
          "beforeHooks": [],
          "afterHooks": [],
          "tests": [
            {
              "title": "returns true if answers match",
              "fullTitle": "studentKnowledgeCheckerUtil returns true if answers match",
              "timedOut": false,
              "duration": 0,
              "state": "passed",
              "speed": "fast",
              "pass": true,
              "fail": false,
              "pending": false,
              "context": null,
              "code": "const student = { q1: 'a', q2: 'b' };\nconst correct = { q1: 'a', q2: 'b' };\nexpect(checkStudentKnowledge(student, correct)).to.be.true;",
              "err": {},
              "uuid": "b10b27c6-8c46-43cf-9145-94c869ac6825",
              "parentUUID": "4dbdd483-aee2-40a5-9cd3-858ad66b2896",
              "isHook": false,
              "skipped": false
            },
            {
              "title": "returns false if answers don’t match",
              "fullTitle": "studentKnowledgeCheckerUtil returns false if answers don’t match",
              "timedOut": false,
              "duration": 0,
              "state": "passed",
              "speed": "fast",
              "pass": true,
              "fail": false,
              "pending": false,
              "context": null,
              "code": "const student = { q1: 'a', q2: 'c' };\nconst correct = { q1: 'a', q2: 'b' };\nexpect(checkStudentKnowledge(student, correct)).to.be.false;",
              "err": {},
              "uuid": "6c436a3b-acff-44cf-88ce-0d36febabcd7",
              "parentUUID": "4dbdd483-aee2-40a5-9cd3-858ad66b2896",
              "isHook": false,
              "skipped": false
            },
            {
              "title": "returns false if keys don’t match",
              "fullTitle": "studentKnowledgeCheckerUtil returns false if keys don’t match",
              "timedOut": false,
              "duration": 0,
              "state": "passed",
              "speed": "fast",
              "pass": true,
              "fail": false,
              "pending": false,
              "context": null,
              "code": "const student = { q1: 'a' };\nconst correct = { q1: 'a', q2: 'b' };\nexpect(checkStudentKnowledge(student, correct)).to.be.false;",
              "err": {},
              "uuid": "a10b308d-2677-4e6e-9315-8602a38d99f8",
              "parentUUID": "4dbdd483-aee2-40a5-9cd3-858ad66b2896",
              "isHook": false,
              "skipped": false
            }
          ],
          "suites": [],
          "passes": [
            "b10b27c6-8c46-43cf-9145-94c869ac6825",
            "6c436a3b-acff-44cf-88ce-0d36febabcd7",
            "a10b308d-2677-4e6e-9315-8602a38d99f8"
          ],
          "failures": [],
          "pending": [],
          "skipped": [],
          "duration": 0,
          "root": false,
          "rootEmpty": false,
          "_timeout": 2000
        },
        {
          "uuid": "8d8105c2-6b03-4ae1-a3a0-3e113e145350",
          "title": "usersListUtils",
          "fullFile": "/Users/sasha/Documents/EHU/react-tasks/my-react-app/practice_unit/utils/test/usersListUtils.test.js",
          "file": "/utils/test/usersListUtils.test.js",
          "beforeHooks": [],
          "afterHooks": [],
          "tests": [],
          "suites": [
            {
              "uuid": "f83f56b3-b71d-4f2b-ad37-41f93b8aefcd",
              "title": "filterUsersByAge",
              "fullFile": "/Users/sasha/Documents/EHU/react-tasks/my-react-app/practice_unit/utils/test/usersListUtils.test.js",
              "file": "/utils/test/usersListUtils.test.js",
              "beforeHooks": [],
              "afterHooks": [],
              "tests": [
                {
                  "title": "filters users by age",
                  "fullTitle": "usersListUtils filterUsersByAge filters users by age",
                  "timedOut": false,
                  "duration": 0,
                  "state": "passed",
                  "speed": "fast",
                  "pass": true,
                  "fail": false,
                  "pending": false,
                  "context": null,
                  "code": "const result = filterUsersByAge(users, 21, 29);\nexpect(result).to.deep.equal([users[1]]);",
                  "err": {},
                  "uuid": "167e88d3-0e8c-4b0e-8db4-14cd32bf087c",
                  "parentUUID": "f83f56b3-b71d-4f2b-ad37-41f93b8aefcd",
                  "isHook": false,
                  "skipped": false
                }
              ],
              "suites": [],
              "passes": [
                "167e88d3-0e8c-4b0e-8db4-14cd32bf087c"
              ],
              "failures": [],
              "pending": [],
              "skipped": [],
              "duration": 0,
              "root": false,
              "rootEmpty": false,
              "_timeout": 2000
            },
            {
              "uuid": "b4f60728-2a9f-4ff1-874f-ad8c935c468d",
              "title": "sortUsersByName",
              "fullFile": "/Users/sasha/Documents/EHU/react-tasks/my-react-app/practice_unit/utils/test/usersListUtils.test.js",
              "file": "/utils/test/usersListUtils.test.js",
              "beforeHooks": [],
              "afterHooks": [],
              "tests": [
                {
                  "title": "sorts users alphabetically",
                  "fullTitle": "usersListUtils sortUsersByName sorts users alphabetically",
                  "timedOut": false,
                  "duration": 1,
                  "state": "passed",
                  "speed": "fast",
                  "pass": true,
                  "fail": false,
                  "pending": false,
                  "context": null,
                  "code": "const sorted = sortUsersByName(users);\nexpect(sorted.map(u => u.name)).to.deep.equal(['Alice', 'Bob', 'Charlie']);",
                  "err": {},
                  "uuid": "3bad374e-94ac-4a3d-b6ef-c14f058d817b",
                  "parentUUID": "b4f60728-2a9f-4ff1-874f-ad8c935c468d",
                  "isHook": false,
                  "skipped": false
                }
              ],
              "suites": [],
              "passes": [
                "3bad374e-94ac-4a3d-b6ef-c14f058d817b"
              ],
              "failures": [],
              "pending": [],
              "skipped": [],
              "duration": 1,
              "root": false,
              "rootEmpty": false,
              "_timeout": 2000
            },
            {
              "uuid": "9c3fd91d-2f28-4a72-9319-0a2d1a90e6b3",
              "title": "findUserById",
              "fullFile": "/Users/sasha/Documents/EHU/react-tasks/my-react-app/practice_unit/utils/test/usersListUtils.test.js",
              "file": "/utils/test/usersListUtils.test.js",
              "beforeHooks": [],
              "afterHooks": [],
              "tests": [
                {
                  "title": "finds user by id",
                  "fullTitle": "usersListUtils findUserById finds user by id",
                  "timedOut": false,
                  "duration": 1,
                  "state": "passed",
                  "speed": "fast",
                  "pass": true,
                  "fail": false,
                  "pending": false,
                  "context": null,
                  "code": "expect(findUserById(users, 2)).to.deep.equal(users[1]);",
                  "err": {},
                  "uuid": "cd686d58-48a1-44c4-a12f-9be3010cbb93",
                  "parentUUID": "9c3fd91d-2f28-4a72-9319-0a2d1a90e6b3",
                  "isHook": false,
                  "skipped": false
                },
                {
                  "title": "returns null if user not found",
                  "fullTitle": "usersListUtils findUserById returns null if user not found",
                  "timedOut": false,
                  "duration": 0,
                  "state": "passed",
                  "speed": "fast",
                  "pass": true,
                  "fail": false,
                  "pending": false,
                  "context": null,
                  "code": "expect(findUserById(users, 999)).to.be.null;",
                  "err": {},
                  "uuid": "50aed913-63b3-443b-bb48-209da96efda9",
                  "parentUUID": "9c3fd91d-2f28-4a72-9319-0a2d1a90e6b3",
                  "isHook": false,
                  "skipped": false
                }
              ],
              "suites": [],
              "passes": [
                "cd686d58-48a1-44c4-a12f-9be3010cbb93",
                "50aed913-63b3-443b-bb48-209da96efda9"
              ],
              "failures": [],
              "pending": [],
              "skipped": [],
              "duration": 1,
              "root": false,
              "rootEmpty": false,
              "_timeout": 2000
            },
            {
              "uuid": "1fe360a5-594c-4e63-a068-30895157d52b",
              "title": "isEmailTaken",
              "fullFile": "/Users/sasha/Documents/EHU/react-tasks/my-react-app/practice_unit/utils/test/usersListUtils.test.js",
              "file": "/utils/test/usersListUtils.test.js",
              "beforeHooks": [],
              "afterHooks": [],
              "tests": [
                {
                  "title": "returns true if email is taken",
                  "fullTitle": "usersListUtils isEmailTaken returns true if email is taken",
                  "timedOut": false,
                  "duration": 0,
                  "state": "passed",
                  "speed": "fast",
                  "pass": true,
                  "fail": false,
                  "pending": false,
                  "context": null,
                  "code": "expect(isEmailTaken(users, 'alice@example.com')).to.be.true;",
                  "err": {},
                  "uuid": "7c1b47ef-92a2-4492-a92c-489422ba1813",
                  "parentUUID": "1fe360a5-594c-4e63-a068-30895157d52b",
                  "isHook": false,
                  "skipped": false
                },
                {
                  "title": "returns false if email is not taken",
                  "fullTitle": "usersListUtils isEmailTaken returns false if email is not taken",
                  "timedOut": false,
                  "duration": 0,
                  "state": "passed",
                  "speed": "fast",
                  "pass": true,
                  "fail": false,
                  "pending": false,
                  "context": null,
                  "code": "expect(isEmailTaken(users, 'nobody@nowhere.com')).to.be.false;",
                  "err": {},
                  "uuid": "ecdb6900-bbcc-4e2d-9572-0f2bd6ed0167",
                  "parentUUID": "1fe360a5-594c-4e63-a068-30895157d52b",
                  "isHook": false,
                  "skipped": false
                }
              ],
              "suites": [],
              "passes": [
                "7c1b47ef-92a2-4492-a92c-489422ba1813",
                "ecdb6900-bbcc-4e2d-9572-0f2bd6ed0167"
              ],
              "failures": [],
              "pending": [],
              "skipped": [],
              "duration": 0,
              "root": false,
              "rootEmpty": false,
              "_timeout": 2000
            }
          ],
          "passes": [],
          "failures": [],
          "pending": [],
          "skipped": [],
          "duration": 0,
          "root": false,
          "rootEmpty": false,
          "_timeout": 2000
        }
      ],
      "passes": [],
      "failures": [],
      "pending": [],
      "skipped": [],
      "duration": 0,
      "root": true,
      "rootEmpty": true,
      "_timeout": 2000
    }
  ],
  "meta": {
    "mocha": {
      "version": "11.1.0"
    },
    "mochawesome": {
      "options": {
        "quiet": false,
        "reportFilename": "test-report",
        "saveHtml": true,
        "saveJson": true,
        "consoleReporter": "spec",
        "useInlineDiffs": false,
        "code": true
      },
      "version": "7.1.3"
    },
    "marge": {
      "options": {
        "reportDir": "reports",
        "reportFilename": "test-report",
        "html": "true"
      },
      "version": "6.2.0"
    }
  }
}